165,169d164
< <<<<<<< HEAD
<     ros::Rate loop_rate(20);
<     tf::TransformListener tf_listener(nh);
< 
< =======
173d167
< >>>>>>> 3407ca9eabd2033b70e7067b1ef111286394337d
251,290d244
< <<<<<<< HEAD
<                 break;
<         }
<         
<         if (secondsElapsed > 150){
<             std::chrono::time_point<std::chrono::system_clock> wfd_time;
<             //std::vector<std::vector<pair<int,int>>> list_of_frontiers = wfd(nh);
<             std::vector<pair<int,int>> list_of_medians = wfd(tf_listener);
<             //get_medians(list_of_frontiers);
<             std::cout << "Obtained list of medians: There were " << list_of_medians.size() << std::endl;
<             int secondsElapsed2 = std::chrono::duration_cast<std::chrono::seconds>(std::chrono::system_clock::now()-wfd_time).count();
<             std::cout << "Seconds Elapsed on WFD: " << secondsElapsed2 << std::endl;
<             
<             for(int i = 0; i<list_of_medians.size(); i++){
<                 std::cout << "x/y = (" << list_of_medians[i].first << ", " << list_of_medians[i].second << endl;
<                 occ_grid[list_of_medians[i].first][list_of_medians[i].second] = 50;
<             }
< 
<             
<             /*
<             for(int i=0; i<occ_height; i++){
< 		        for(int j=0; j<occ_width; j++){
<                     
<         	        std::cout << occ_grid[i][j]<<",";
< 		        }
< 		        std::cout << "\n";
<             }*/
<         }
<    
<         if (secondsElapsed >120)
<         {
<             direction =1;
<         }
<         if (front_bumper_pressed)
<         {
<             linear = -0.1;
<             angular = 0;
<             
< =======
< >>>>>>> 3407ca9eabd2033b70e7067b1ef111286394337d
